#! /usr/bin/vvp
:ivl_version "10.1 (stable)";
:ivl_delay_selection "TYPICAL";
:vpi_time_precision + 0;
:vpi_module "system";
:vpi_module "vhdl_sys";
:vpi_module "v2005_math";
:vpi_module "va_math";
S_0x13706c0 .scope module, "tt_um_ei5baer_sap_1_v0" "tt_um_ei5baer_sap_1_v0" 2 99;
 .timescale 0 0;
    .port_info 0 /INPUT 8 "ui_in"
    .port_info 1 /OUTPUT 8 "uo_out"
    .port_info 2 /INPUT 8 "uio_in"
    .port_info 3 /OUTPUT 8 "uio_out"
    .port_info 4 /OUTPUT 8 "uio_oe"
    .port_info 5 /INPUT 1 "ena"
    .port_info 6 /INPUT 1 "clk"
    .port_info 7 /INPUT 1 "rst_n"
o0x7f913f14b6d8 .functor BUFZ 1, C4<z>; HiZ drive
L_0x13988e0 .functor NOT 1, o0x7f913f14b6d8, C4<0>, C4<0>, C4<0>;
L_0x7f913f102018 .functor BUFT 1, C4<0>, C4<0>, C4<0>, C4<0>;
v0x1397290_0 .net/2u *"_s0", 0 0, L_0x7f913f102018;  1 drivers
v0x1397370_0 .net *"_s2", 19 0, L_0x1397cd0;  1 drivers
v0x1397450_0 .net "_unused", 0 0, L_0x1397eb0;  1 drivers
o0x7f913f14b1f8 .functor BUFZ 1, C4<z>; HiZ drive
v0x13974f0_0 .net "clk", 0 0, o0x7f913f14b1f8;  0 drivers
o0x7f913f14b6a8 .functor BUFZ 1, C4<z>; HiZ drive
v0x13975c0_0 .net "ena", 0 0, o0x7f913f14b6a8;  0 drivers
v0x1397660_0 .net "rst_n", 0 0, o0x7f913f14b6d8;  0 drivers
o0x7f913f14b708 .functor BUFZ 8, C4<zzzzzzzz>; HiZ drive
v0x1397720_0 .net "ui_in", 7 0, o0x7f913f14b708;  0 drivers
o0x7f913f14b738 .functor BUFZ 8, C4<zzzzzzzz>; HiZ drive
v0x1397800_0 .net "uio_in", 7 0, o0x7f913f14b738;  0 drivers
L_0x7f913f1020a8 .functor BUFT 1, C4<00000000>, C4<0>, C4<0>, C4<0>;
v0x13978e0_0 .net "uio_oe", 7 0, L_0x7f913f1020a8;  1 drivers
L_0x7f913f102060 .functor BUFT 1, C4<00000000>, C4<0>, C4<0>, C4<0>;
v0x1397a50_0 .net "uio_out", 7 0, L_0x7f913f102060;  1 drivers
v0x1397b30_0 .net "uo_out", 7 0, L_0x1398820;  1 drivers
LS_0x1397cd0_0_0 .concat [ 8 8 1 1], o0x7f913f14b738, o0x7f913f14b708, L_0x7f913f102018, o0x7f913f14b6d8;
LS_0x1397cd0_0_4 .concat [ 1 1 0 0], o0x7f913f14b1f8, o0x7f913f14b6a8;
L_0x1397cd0 .concat [ 18 2 0 0], LS_0x1397cd0_0_0, LS_0x1397cd0_0_4;
L_0x1397eb0 .reduce/and L_0x1397cd0;
S_0x13702c0 .scope module, "cpu_inst0" "sap_1" 2 120, 2 3 0, S_0x13706c0;
 .timescale 0 0;
    .port_info 0 /INPUT 1 "clk"
    .port_info 1 /INPUT 1 "rst"
    .port_info 2 /OUTPUT 8 "bus_out"
L_0x13980d0 .functor BUFZ 8, L_0x1398480, C4<00000000>, C4<00000000>, C4<00000000>;
L_0x1398820 .functor BUFZ 8, v0x13960a0_0, C4<00000000>, C4<00000000>, C4<00000000>;
v0x1373330_0 .net *"_s0", 7 0, L_0x1398030;  1 drivers
L_0x7f913f1020f0 .functor BUFT 1, C4<00>, C4<0>, C4<0>, C4<0>;
v0x13958f0_0 .net *"_s11", 1 0, L_0x7f913f1020f0;  1 drivers
v0x13959d0_0 .net *"_s2", 7 0, L_0x13981d0;  1 drivers
v0x1395ac0_0 .net *"_s6", 7 0, L_0x1398480;  1 drivers
v0x1395ba0_0 .net *"_s8", 5 0, L_0x1398550;  1 drivers
v0x1395cd0_0 .net "adder_out", 7 0, L_0x1398340;  1 drivers
v0x1395db0_0 .var "adder_rden", 0 0;
v0x1395e70_0 .var "adder_sub", 0 0;
v0x1395f30_0 .net "bus_out", 7 0, L_0x1398820;  alias, 1 drivers
v0x13960a0_0 .var "bus_reg", 7 0;
v0x1396180_0 .net "clk", 0 0, o0x7f913f14b1f8;  alias, 0 drivers
v0x1396240_0 .var "ir", 7 0;
v0x1396320_0 .var "ir_load", 0 0;
v0x13963e0_0 .var "ir_rden", 0 0;
v0x13964a0_0 .var "mar", 3 0;
v0x1396580_0 .var "mar_load", 0 0;
v0x1396640 .array "mem", 15 0, 7 0;
v0x13967f0_0 .net "mem_out", 7 0, L_0x13980d0;  1 drivers
v0x1396890_0 .var "mem_rden", 0 0;
v0x1396930_0 .net "opcode", 3 0, L_0x1398710;  1 drivers
v0x1396a10_0 .var "pc", 3 0;
v0x1396af0_0 .var "pc_inc", 0 0;
v0x1396bb0_0 .var "pc_rden", 0 0;
v0x1396c70_0 .var "present_state", 2 0;
v0x1396d50_0 .var "reg_a", 7 0;
v0x1396e30_0 .var "reg_a_load", 0 0;
v0x1396ef0_0 .var "reg_a_rden", 0 0;
v0x1396fb0_0 .var "reg_b", 7 0;
v0x1397090_0 .var "reg_b_load", 0 0;
v0x1397150_0 .net "rst", 0 0, L_0x13988e0;  1 drivers
E_0x136de90 .event posedge, v0x1396180_0;
L_0x1398030 .arith/sub 8, v0x1396d50_0, v0x1396fb0_0;
L_0x13981d0 .arith/sum 8, v0x1396d50_0, v0x1396fb0_0;
L_0x1398340 .functor MUXZ 8, L_0x13981d0, L_0x1398030, v0x1395e70_0, C4<>;
L_0x1398480 .array/port v0x1396640, L_0x1398550;
L_0x1398550 .concat [ 4 2 0 0], v0x13964a0_0, L_0x7f913f1020f0;
L_0x1398710 .part v0x1396240_0, 4, 4;
    .scope S_0x13702c0;
T_0 ;
    %wait E_0x136de90;
    %load/vec4 v0x1397150_0;
    %flag_set/vec4 8;
    %jmp/0xz  T_0.0, 8;
    %pushi/vec4 0, 0, 8;
    %assign/vec4 v0x13960a0_0, 0;
    %jmp T_0.1;
T_0.0 ;
    %load/vec4 v0x13963e0_0;
    %flag_set/vec4 8;
    %jmp/0xz  T_0.2, 8;
    %load/vec4 v0x1396240_0;
    %assign/vec4 v0x13960a0_0, 0;
    %jmp T_0.3;
T_0.2 ;
    %load/vec4 v0x1396bb0_0;
    %flag_set/vec4 8;
    %jmp/0xz  T_0.4, 8;
    %load/vec4 v0x1396a10_0;
    %pad/u 8;
    %assign/vec4 v0x13960a0_0, 0;
    %jmp T_0.5;
T_0.4 ;
    %load/vec4 v0x1396890_0;
    %flag_set/vec4 8;
    %jmp/0xz  T_0.6, 8;
    %load/vec4 v0x13967f0_0;
    %assign/vec4 v0x13960a0_0, 0;
    %jmp T_0.7;
T_0.6 ;
    %load/vec4 v0x1395db0_0;
    %flag_set/vec4 8;
    %jmp/0xz  T_0.8, 8;
    %load/vec4 v0x1395cd0_0;
    %assign/vec4 v0x13960a0_0, 0;
    %jmp T_0.9;
T_0.8 ;
    %load/vec4 v0x1396ef0_0;
    %flag_set/vec4 8;
    %jmp/0xz  T_0.10, 8;
    %load/vec4 v0x1396d50_0;
    %assign/vec4 v0x13960a0_0, 0;
    %jmp T_0.11;
T_0.10 ;
    %pushi/vec4 0, 0, 8;
    %assign/vec4 v0x13960a0_0, 0;
T_0.11 ;
T_0.9 ;
T_0.7 ;
T_0.5 ;
T_0.3 ;
T_0.1 ;
    %jmp T_0;
    .thread T_0;
    .scope S_0x13702c0;
T_1 ;
    %wait E_0x136de90;
    %load/vec4 v0x1397150_0;
    %flag_set/vec4 8;
    %jmp/0xz  T_1.0, 8;
    %pushi/vec4 0, 0, 4;
    %assign/vec4 v0x1396a10_0, 0;
    %jmp T_1.1;
T_1.0 ;
    %load/vec4 v0x1396af0_0;
    %flag_set/vec4 8;
    %jmp/0xz  T_1.2, 8;
    %load/vec4 v0x1396a10_0;
    %addi 1, 0, 4;
    %assign/vec4 v0x1396a10_0, 0;
T_1.2 ;
T_1.1 ;
    %jmp T_1;
    .thread T_1;
    .scope S_0x13702c0;
T_2 ;
    %wait E_0x136de90;
    %load/vec4 v0x1397150_0;
    %flag_set/vec4 8;
    %jmp/0xz  T_2.0, 8;
    %pushi/vec4 0, 0, 4;
    %assign/vec4 v0x13964a0_0, 0;
    %jmp T_2.1;
T_2.0 ;
    %load/vec4 v0x1396580_0;
    %flag_set/vec4 8;
    %jmp/0xz  T_2.2, 8;
    %load/vec4 v0x13960a0_0;
    %parti/s 4, 0, 2;
    %assign/vec4 v0x13964a0_0, 0;
T_2.2 ;
T_2.1 ;
    %jmp T_2;
    .thread T_2;
    .scope S_0x13702c0;
T_3 ;
    %wait E_0x136de90;
    %load/vec4 v0x1397150_0;
    %flag_set/vec4 8;
    %jmp/0xz  T_3.0, 8;
    %pushi/vec4 0, 0, 8;
    %assign/vec4 v0x1396d50_0, 0;
    %jmp T_3.1;
T_3.0 ;
    %load/vec4 v0x1396e30_0;
    %flag_set/vec4 8;
    %jmp/0xz  T_3.2, 8;
    %load/vec4 v0x13960a0_0;
    %assign/vec4 v0x1396d50_0, 0;
T_3.2 ;
T_3.1 ;
    %jmp T_3;
    .thread T_3;
    .scope S_0x13702c0;
T_4 ;
    %wait E_0x136de90;
    %load/vec4 v0x1397150_0;
    %flag_set/vec4 8;
    %jmp/0xz  T_4.0, 8;
    %pushi/vec4 0, 0, 8;
    %assign/vec4 v0x1396fb0_0, 0;
    %jmp T_4.1;
T_4.0 ;
    %load/vec4 v0x1397090_0;
    %flag_set/vec4 8;
    %jmp/0xz  T_4.2, 8;
    %load/vec4 v0x13960a0_0;
    %assign/vec4 v0x1396fb0_0, 0;
T_4.2 ;
T_4.1 ;
    %jmp T_4;
    .thread T_4;
    .scope S_0x13702c0;
T_5 ;
    %wait E_0x136de90;
    %load/vec4 v0x1397150_0;
    %flag_set/vec4 8;
    %jmp/0xz  T_5.0, 8;
    %pushi/vec4 0, 0, 8;
    %assign/vec4 v0x1396240_0, 0;
    %jmp T_5.1;
T_5.0 ;
    %load/vec4 v0x1396320_0;
    %flag_set/vec4 8;
    %jmp/0xz  T_5.2, 8;
    %load/vec4 v0x13960a0_0;
    %assign/vec4 v0x1396240_0, 0;
T_5.2 ;
T_5.1 ;
    %jmp T_5;
    .thread T_5;
    .scope S_0x13702c0;
T_6 ;
    %wait E_0x136de90;
    %load/vec4 v0x1397150_0;
    %flag_set/vec4 8;
    %jmp/0xz  T_6.0, 8;
    %pushi/vec4 0, 0, 3;
    %assign/vec4 v0x1396c70_0, 0;
    %jmp T_6.1;
T_6.0 ;
    %load/vec4 v0x1396c70_0;
    %pad/u 32;
    %cmpi/e 5, 0, 32;
    %jmp/0xz  T_6.2, 4;
    %pushi/vec4 0, 0, 3;
    %assign/vec4 v0x1396c70_0, 0;
    %jmp T_6.3;
T_6.2 ;
    %load/vec4 v0x1396c70_0;
    %addi 1, 0, 3;
    %assign/vec4 v0x1396c70_0, 0;
T_6.3 ;
    %pushi/vec4 0, 0, 11;
    %split/vec4 1;
    %assign/vec4 v0x1395db0_0, 0;
    %split/vec4 1;
    %assign/vec4 v0x1395e70_0, 0;
    %split/vec4 1;
    %assign/vec4 v0x1397090_0, 0;
    %split/vec4 1;
    %assign/vec4 v0x1396ef0_0, 0;
    %split/vec4 1;
    %assign/vec4 v0x1396e30_0, 0;
    %split/vec4 1;
    %assign/vec4 v0x13963e0_0, 0;
    %split/vec4 1;
    %assign/vec4 v0x1396320_0, 0;
    %split/vec4 1;
    %assign/vec4 v0x1396890_0, 0;
    %split/vec4 1;
    %assign/vec4 v0x1396580_0, 0;
    %split/vec4 1;
    %assign/vec4 v0x1396bb0_0, 0;
    %assign/vec4 v0x1396af0_0, 0;
    %load/vec4 v0x1396c70_0;
    %dup/vec4;
    %pushi/vec4 0, 0, 3;
    %cmp/u;
    %jmp/1 T_6.4, 6;
    %dup/vec4;
    %pushi/vec4 1, 0, 3;
    %cmp/u;
    %jmp/1 T_6.5, 6;
    %dup/vec4;
    %pushi/vec4 2, 0, 3;
    %cmp/u;
    %jmp/1 T_6.6, 6;
    %dup/vec4;
    %pushi/vec4 3, 0, 3;
    %cmp/u;
    %jmp/1 T_6.7, 6;
    %dup/vec4;
    %pushi/vec4 4, 0, 3;
    %cmp/u;
    %jmp/1 T_6.8, 6;
    %dup/vec4;
    %pushi/vec4 5, 0, 3;
    %cmp/u;
    %jmp/1 T_6.9, 6;
    %jmp T_6.10;
T_6.4 ;
    %pushi/vec4 1, 0, 1;
    %assign/vec4 v0x1396bb0_0, 0;
    %pushi/vec4 1, 0, 1;
    %assign/vec4 v0x1396580_0, 0;
    %jmp T_6.10;
T_6.5 ;
    %pushi/vec4 1, 0, 1;
    %assign/vec4 v0x1396af0_0, 0;
    %jmp T_6.10;
T_6.6 ;
    %pushi/vec4 1, 0, 1;
    %assign/vec4 v0x1396890_0, 0;
    %pushi/vec4 1, 0, 1;
    %assign/vec4 v0x1396320_0, 0;
    %jmp T_6.10;
T_6.7 ;
    %load/vec4 v0x1396930_0;
    %dup/vec4;
    %pushi/vec4 0, 0, 4;
    %cmp/u;
    %jmp/1 T_6.11, 6;
    %dup/vec4;
    %pushi/vec4 1, 0, 4;
    %cmp/u;
    %jmp/1 T_6.12, 6;
    %dup/vec4;
    %pushi/vec4 2, 0, 4;
    %cmp/u;
    %jmp/1 T_6.13, 6;
    %jmp T_6.14;
T_6.11 ;
    %pushi/vec4 1, 0, 1;
    %assign/vec4 v0x13963e0_0, 0;
    %pushi/vec4 1, 0, 1;
    %assign/vec4 v0x1396580_0, 0;
    %jmp T_6.14;
T_6.12 ;
    %pushi/vec4 1, 0, 1;
    %assign/vec4 v0x13963e0_0, 0;
    %pushi/vec4 1, 0, 1;
    %assign/vec4 v0x1396580_0, 0;
    %jmp T_6.14;
T_6.13 ;
    %pushi/vec4 1, 0, 1;
    %assign/vec4 v0x13963e0_0, 0;
    %pushi/vec4 1, 0, 1;
    %assign/vec4 v0x1396580_0, 0;
    %jmp T_6.14;
T_6.14 ;
    %pop/vec4 1;
    %jmp T_6.10;
T_6.8 ;
    %load/vec4 v0x1396930_0;
    %dup/vec4;
    %pushi/vec4 0, 0, 4;
    %cmp/u;
    %jmp/1 T_6.15, 6;
    %dup/vec4;
    %pushi/vec4 1, 0, 4;
    %cmp/u;
    %jmp/1 T_6.16, 6;
    %dup/vec4;
    %pushi/vec4 2, 0, 4;
    %cmp/u;
    %jmp/1 T_6.17, 6;
    %jmp T_6.18;
T_6.15 ;
    %pushi/vec4 1, 0, 1;
    %assign/vec4 v0x1396890_0, 0;
    %pushi/vec4 1, 0, 1;
    %assign/vec4 v0x1396e30_0, 0;
    %jmp T_6.18;
T_6.16 ;
    %pushi/vec4 1, 0, 1;
    %assign/vec4 v0x1396890_0, 0;
    %pushi/vec4 1, 0, 1;
    %assign/vec4 v0x1397090_0, 0;
    %jmp T_6.18;
T_6.17 ;
    %pushi/vec4 1, 0, 1;
    %assign/vec4 v0x1396890_0, 0;
    %pushi/vec4 1, 0, 1;
    %assign/vec4 v0x1397090_0, 0;
    %jmp T_6.18;
T_6.18 ;
    %pop/vec4 1;
    %jmp T_6.10;
T_6.9 ;
    %load/vec4 v0x1396930_0;
    %dup/vec4;
    %pushi/vec4 1, 0, 4;
    %cmp/u;
    %jmp/1 T_6.19, 6;
    %dup/vec4;
    %pushi/vec4 2, 0, 4;
    %cmp/u;
    %jmp/1 T_6.20, 6;
    %jmp T_6.21;
T_6.19 ;
    %pushi/vec4 1, 0, 1;
    %assign/vec4 v0x1395db0_0, 0;
    %pushi/vec4 1, 0, 1;
    %assign/vec4 v0x1396e30_0, 0;
    %jmp T_6.21;
T_6.20 ;
    %pushi/vec4 1, 0, 1;
    %assign/vec4 v0x1395e70_0, 0;
    %pushi/vec4 1, 0, 1;
    %assign/vec4 v0x1395db0_0, 0;
    %pushi/vec4 1, 0, 1;
    %assign/vec4 v0x1396e30_0, 0;
    %jmp T_6.21;
T_6.21 ;
    %pop/vec4 1;
    %jmp T_6.10;
T_6.10 ;
    %pop/vec4 1;
T_6.1 ;
    %jmp T_6;
    .thread T_6;
# The file index is used to find the file name in the following table.
:file_names 3;
    "N/A";
    "<interactive>";
    "project.v";
